[debug] [2021-08-21T14:10:26.503Z] ----------------------------------------------------------------------
[debug] [2021-08-21T14:10:26.505Z] Command:       C:\nodejs\node.exe C:\Users\1\AppData\Roaming\npm\node_modules\firebase-tools\lib\bin\firebase.js init
[debug] [2021-08-21T14:10:26.506Z] CLI Version:   9.16.5
[debug] [2021-08-21T14:10:26.506Z] Platform:      win32
[debug] [2021-08-21T14:10:26.506Z] Node Version:  v15.13.0
[debug] [2021-08-21T14:10:26.507Z] Time:          Sat Aug 21 2021 16:10:26 GMT+0200 (czas środkowoeuropejski letni)
[debug] [2021-08-21T14:10:26.507Z] ----------------------------------------------------------------------
[debug] 
[debug] [2021-08-21T14:10:26.515Z] > command requires scopes: ["email","openid","https://www.googleapis.com/auth/cloudplatformprojects.readonly","https://www.googleapis.com/auth/firebase","https://www.googleapis.com/auth/cloud-platform"]
[debug] [2021-08-21T14:10:26.516Z] > authorizing via signed-in user (mateusz.witkowski0000@gmail.com)
[info] 
     ######## #### ########  ######## ########     ###     ######  ########
     ##        ##  ##     ## ##       ##     ##  ##   ##  ##       ##
     ######    ##  ########  ######   ########  #########  ######  ######
     ##        ##  ##    ##  ##       ##     ## ##     ##       ## ##
     ##       #### ##     ## ######## ########  ##     ##  ######  ########

You're about to initialize a Firebase project in this directory:

  D:\Dev\Bang online\bang-online

[info] 
=== Project Setup
[info] 
[info] First, let's associate this project directory with a Firebase project.
[info] You can create multiple project aliases by running firebase use --add, 
[info] but for now we'll just set up a default project.
[info] 
[debug] [2021-08-21T14:12:46.169Z] >>> [apiv2][query] GET https://firebase.googleapis.com/v1beta1/projects pageSize=100
[debug] [2021-08-21T14:12:46.526Z] <<< [apiv2][status] GET https://firebase.googleapis.com/v1beta1/projects 200
[debug] [2021-08-21T14:12:46.527Z] <<< [apiv2][body] GET https://firebase.googleapis.com/v1beta1/projects [omitted]
[info] i  Using project online-card-game-4918f (online-card-game) 
[info] 
=== Hosting Setup
[info] 
[info] Your public directory is the folder (relative to your project directory) that
[info] will contain Hosting assets to be uploaded with firebase deploy. If you
[info] have a build process for your assets, use your build's output directory.
[info] 
[debug] [2021-08-21T14:14:43.216Z] >>> [apiv2][query] GET https://www.gstatic.com/firebasejs/releases.json [none]
[debug] [2021-08-21T14:14:43.302Z] <<< [apiv2][status] GET https://www.gstatic.com/firebasejs/releases.json 200
[debug] [2021-08-21T14:14:43.303Z] <<< [apiv2][body] GET https://www.gstatic.com/firebasejs/releases.json {"current":{"version":"8.10.0","browserURL":"https://www.gstatic.com/firebasejs/8.10.0/firebase.js","packageURL":"https://www.gstatic.com/firebasejs/8.10.0/firebase.tgz"},"live":{"version":"8.10","browserURL":"https://www.gstatic.com/firebasejs/live/8.10/firebase.js","packageURL":"https://www.gstatic.com/firebasejs/live/8.10/firebase.tgz"},"components":{"analytics":"https://www.gstatic.com/firebasejs/8.10.0/firebase-analytics.js","app":"https://www.gstatic.com/firebasejs/8.10.0/firebase-app.js","app-check":"https://www.gstatic.com/firebasejs/8.10.0/firebase-app-check.js","auth":"https://www.gstatic.com/firebasejs/8.10.0/firebase-auth.js","database":"https://www.gstatic.com/firebasejs/8.10.0/firebase-database.js","firestore":"https://www.gstatic.com/firebasejs/8.10.0/firebase-firestore.js","functions":"https://www.gstatic.com/firebasejs/8.10.0/firebase-functions.js","installations":"https://www.gstatic.com/firebasejs/8.10.0/firebase-installations.js","messaging":"https://www.gstatic.com/firebasejs/8.10.0/firebase-messaging.js","storage":"https://www.gstatic.com/firebasejs/8.10.0/firebase-storage.js","performance":"https://www.gstatic.com/firebasejs/8.10.0/firebase-performance.js","remote-config":"https://www.gstatic.com/firebasejs/8.10.0/firebase-remote-config.js","firestore.memory":"https://www.gstatic.com/firebasejs/8.10.0/firebase-firestore.memory.js"}}
[info] i  Skipping write of public/index.html 
[info] 
[info] i  Detected a .git folder at D:\Dev\Bang online\bang-online 
[info] i  Authorizing with GitHub to upload your service account to a GitHub repository's secrets store. 
[info] 
[info] Visit this URL on this device to log in:
[info] https://github.com/login/oauth/authorize?client_id=89cf50f02ac6aaed3484&state=874713308&redirect_uri=http%3A%2F%2Flocalhost%3A9005&scope=read%3Auser%20repo%20public_repo
[info] 
[info] Waiting for authentication...
[debug] [2021-08-21T14:15:06.904Z] >>> HTTP REQUEST POST https://github.com/login/oauth/access_token  
 {"client_id":"89cf50f02ac6aaed3484","client_secret":"3330d14abc895d9a74d5f17cd7a00711fa2c5bf0","code":"c6cfe800b4f446554b4a","redirect_uri":"http://localhost:9005","state":"874713308"}
[debug] [2021-08-21T14:15:07.162Z] <<< HTTP RESPONSE 200 {"server":"GitHub.com","date":"Sat, 21 Aug 2021 14:15:07 GMT","content-type":"application/json; charset=utf-8","transfer-encoding":"chunked","vary":"X-PJAX, Accept-Encoding, Accept, X-Requested-With","permissions-policy":"interest-cohort=()","etag":"W/\"21ba4bc154c38dd675dd116822cfd401\"","cache-control":"max-age=0, private, must-revalidate","strict-transport-security":"max-age=31536000; includeSubdomains; preload","x-frame-options":"deny","x-content-type-options":"nosniff","x-xss-protection":"0","referrer-policy":"origin-when-cross-origin, strict-origin-when-cross-origin","expect-ct":"max-age=2592000, report-uri=\"https://api.github.com/_private/browser/errors\"","content-security-policy":"default-src 'none'; base-uri 'self'; block-all-mixed-content; connect-src 'self' uploads.github.com www.githubstatus.com collector.githubapp.com api.github.com github-cloud.s3.amazonaws.com github-production-repository-file-5c1aeb.s3.amazonaws.com github-production-upload-manifest-file-7fdce7.s3.amazonaws.com github-production-user-asset-6210df.s3.amazonaws.com cdn.optimizely.com logx.optimizely.com/v1/events translator.github.com wss://alive.github.com; font-src github.githubassets.com; form-action 'self' github.com gist.github.com; frame-ancestors 'none'; frame-src render.githubusercontent.com viewscreen.githubusercontent.com; img-src 'self' data: github.githubassets.com identicons.github.com collector.githubapp.com github-cloud.s3.amazonaws.com secured-user-images.githubusercontent.com/ *.githubusercontent.com; manifest-src 'self'; media-src 'none'; script-src github.githubassets.com; style-src 'unsafe-inline' github.githubassets.com; worker-src github.com/socket-worker-3f088aa2.js gist.github.com/socket-worker-3f088aa2.js","x-github-request-id":"41D5:D187:1237AA4:1380A0B:61210A6B"}
[debug] [2021-08-21T14:15:07.175Z] >>> [apiv2][query] GET https://api.github.com/user [none]
[debug] [2021-08-21T14:15:07.469Z] <<< [apiv2][status] GET https://api.github.com/user 200
[debug] [2021-08-21T14:15:07.469Z] <<< [apiv2][body] GET https://api.github.com/user {"login":"NoMeNoMeMe","id":46315936,"node_id":"MDQ6VXNlcjQ2MzE1OTM2","avatar_url":"https://avatars.githubusercontent.com/u/46315936?v=4","gravatar_id":"","url":"https://api.github.com/users/NoMeNoMeMe","html_url":"https://github.com/NoMeNoMeMe","followers_url":"https://api.github.com/users/NoMeNoMeMe/followers","following_url":"https://api.github.com/users/NoMeNoMeMe/following{/other_user}","gists_url":"https://api.github.com/users/NoMeNoMeMe/gists{/gist_id}","starred_url":"https://api.github.com/users/NoMeNoMeMe/starred{/owner}{/repo}","subscriptions_url":"https://api.github.com/users/NoMeNoMeMe/subscriptions","organizations_url":"https://api.github.com/users/NoMeNoMeMe/orgs","repos_url":"https://api.github.com/users/NoMeNoMeMe/repos","events_url":"https://api.github.com/users/NoMeNoMeMe/events{/privacy}","received_events_url":"https://api.github.com/users/NoMeNoMeMe/received_events","type":"User","site_admin":false,"name":"NoMe","company":null,"blog":"","location":"Poland","email":null,"hireable":null,"bio":null,"twitter_username":null,"public_repos":11,"public_gists":0,"followers":0,"following":1,"created_at":"2019-01-02T09:54:36Z","updated_at":"2021-08-21T14:14:57Z","private_gists":0,"total_private_repos":1,"owned_private_repos":1,"disk_usage":4417,"collaborators":0,"two_factor_authentication":false,"plan":{"name":"free","space":976562499,"collaborators":0,"private_repos":10000}}
[info] 
[info] +  Success! Logged into GitHub as NoMeNoMeMe 
[info] 
